<?xml version="1.0" encoding="UTF-8"?>
<testsuite xmlns:xsi="http://www.w3.org/2001/XMLSchema-instance" xsi:noNamespaceSchemaLocation="https://maven.apache.org/surefire/maven-surefire-plugin/xsd/surefire-test-report.xsd" version="3.0.2" name="com.cardsvc.CardsvcApplicationTests" time="9.292" tests="1" errors="0" skipped="0" failures="0">
  <properties>
[...]
</properties>
  <testcase name="contextLoads" classname="com.cardsvc.CardsvcApplicationTests" time="0.351">
    <system-out><![CDATA[
  .   ____          _            __ _ _
 /\\ / ___'_ __ _ _(_)_ __  __ _ \ \ \ \
( ( )\___ | '_ | '_| | '_ \/ _` | \ \ \ \
 \\/  ___)| |_)| | | | | || (_| |  ) ) ) )
  '  |____| .__|_| |_|_| |_\__, | / / / /
 =========|_|==============|___/=/_/_/_/

 :: Spring Boot ::                (v3.4.5)

2026-08-11 13:32:30 INFO  job= cycleDate= com.cardsvc.CardsvcApplicationTests - Starting CardsvcApplicationTests using Java 21.0.11 with PID 11418 (started by ubuntu in /home/ubuntu/repos/cobol-batch-modernization-demo/backend)
2026-08-11 13:32:30 INFO  job= cycleDate= com.cardsvc.CardsvcApplicationTests - No active profile set, falling back to 1 default profile: "default"
2026-08-11 13:32:31 INFO  job= cycleDate= o.s.d.r.c.RepositoryConfigurationDelegate - Bootstrapping Spring Data JPA repositories in DEFAULT mode.
2026-08-11 13:32:31 INFO  job= cycleDate= o.s.d.r.c.RepositoryConfigurationDelegate - Finished Spring Data repository scanning in 6 ms. Found 0 JPA repository interfaces.
2026-08-11 13:32:31 INFO  job= cycleDate= o.testcontainers.images.PullPolicy - Image pull policy will be performed by: DefaultPullPolicy()
2026-08-11 13:32:31 INFO  job= cycleDate= o.t.utility.ImageNameSubstitutor - Image name substitution will be performed by: DefaultImageNameSubstitutor (composite of 'ConfigurationFileImageNameSubstitutor' and 'PrefixingImageNameSubstitutor')
2026-08-11 13:32:31 INFO  job= cycleDate= o.testcontainers.DockerClientFactory - Testcontainers version: 1.20.6
2026-08-11 13:32:31 INFO  job= cycleDate= o.t.d.DockerClientProviderStrategy - Found Docker environment with local Unix socket (unix:///var/run/docker.sock)
2026-08-11 13:32:31 INFO  job= cycleDate= o.testcontainers.DockerClientFactory - Docker host IP address is localhost
2026-08-11 13:32:31 INFO  job= cycleDate= o.testcontainers.DockerClientFactory - Connected to docker: 
  Server Version: 27.4.1
  API Version: 1.47
  Operating System: Ubuntu 22.04.5 LTS
  Total Memory: 32110 MB
2026-08-11 13:32:31 INFO  job= cycleDate= tc.testcontainers/ryuk:0.11.0 - Pulling docker image: testcontainers/ryuk:0.11.0. Please be patient; this may take some time but only needs to be done once.
2026-08-11 13:32:32 INFO  job= cycleDate= tc.testcontainers/ryuk:0.11.0 - Starting to pull image
2026-08-11 13:32:32 INFO  job= cycleDate= tc.testcontainers/ryuk:0.11.0 - Pulling image layers:  0 pending,  0 downloaded,  0 extracted, (0 bytes/0 bytes)
2026-08-11 13:32:32 INFO  job= cycleDate= tc.testcontainers/ryuk:0.11.0 - Pulling image layers:  2 pending,  1 downloaded,  0 extracted, (3 MB/? MB)
2026-08-11 13:32:32 INFO  job= cycleDate= tc.testcontainers/ryuk:0.11.0 - Pulling image layers:  1 pending,  2 downloaded,  0 extracted, (3 MB/? MB)
2026-08-11 13:32:32 INFO  job= cycleDate= tc.testcontainers/ryuk:0.11.0 - Pulling image layers:  0 pending,  3 downloaded,  0 extracted, (3 MB/10 MB)
2026-08-11 13:32:33 INFO  job= cycleDate= tc.testcontainers/ryuk:0.11.0 - Pulling image layers:  0 pending,  3 downloaded,  1 extracted, (3 MB/10 MB)
2026-08-11 13:32:33 INFO  job= cycleDate= tc.testcontainers/ryuk:0.11.0 - Pulling image layers:  0 pending,  3 downloaded,  2 extracted, (4 MB/10 MB)
2026-08-11 13:32:33 INFO  job= cycleDate= tc.testcontainers/ryuk:0.11.0 - Pulling image layers:  0 pending,  3 downloaded,  3 extracted, (10 MB/10 MB)
2026-08-11 13:32:33 INFO  job= cycleDate= tc.testcontainers/ryuk:0.11.0 - Image testcontainers/ryuk:0.11.0 pull took PT1.459685079S
2026-08-11 13:32:33 INFO  job= cycleDate= tc.testcontainers/ryuk:0.11.0 - Creating container for image: testcontainers/ryuk:0.11.0
2026-08-11 13:32:33 INFO  job= cycleDate= tc.testcontainers/ryuk:0.11.0 - Container testcontainers/ryuk:0.11.0 is starting: 11d314708c09725456f13c7205250ea2a4c1166508f2b8acd20def423dd87303
2026-08-11 13:32:33 INFO  job= cycleDate= tc.testcontainers/ryuk:0.11.0 - Container testcontainers/ryuk:0.11.0 started in PT0.26622021S
2026-08-11 13:32:33 INFO  job= cycleDate= o.t.utility.RyukResourceReaper - Ryuk started - will monitor and terminate Testcontainers containers on JVM exit
2026-08-11 13:32:33 INFO  job= cycleDate= o.testcontainers.DockerClientFactory - Checking the system...
2026-08-11 13:32:33 INFO  job= cycleDate= o.testcontainers.DockerClientFactory - ✔︎ Docker server version should be at least 1.6.0
2026-08-11 13:32:33 INFO  job= cycleDate= tc.postgres:16 - Pulling docker image: postgres:16. Please be patient; this may take some time but only needs to be done once.
2026-08-11 13:32:34 INFO  job= cycleDate= tc.postgres:16 - Starting to pull image
2026-08-11 13:32:34 INFO  job= cycleDate= tc.postgres:16 - Pulling image layers:  0 pending,  0 downloaded,  0 extracted, (0 bytes/0 bytes)
2026-08-11 13:32:34 INFO  job= cycleDate= tc.postgres:16 - Pulling image layers: 13 pending,  1 downloaded,  0 extracted, (64 KB/? MB)
2026-08-11 13:32:34 INFO  job= cycleDate= tc.postgres:16 - Pulling image layers: 12 pending,  2 downloaded,  0 extracted, (6 MB/? MB)
2026-08-11 13:32:34 INFO  job= cycleDate= tc.postgres:16 - Pulling image layers: 11 pending,  3 downloaded,  0 extracted, (6 MB/? MB)
2026-08-11 13:32:34 INFO  job= cycleDate= tc.postgres:16 - Pulling image layers: 10 pending,  4 downloaded,  0 extracted, (15 MB/? MB)
2026-08-11 13:32:34 INFO  job= cycleDate= tc.postgres:16 - Pulling image layers:  9 pending,  5 downloaded,  0 extracted, (15 MB/? MB)
2026-08-11 13:32:34 INFO  job= cycleDate= tc.postgres:16 - Pulling image layers:  8 pending,  6 downloaded,  0 extracted, (24 MB/? MB)
2026-08-11 13:32:35 INFO  job= cycleDate= tc.postgres:16 - Pulling image layers:  7 pending,  7 downloaded,  0 extracted, (31 MB/? MB)
2026-08-11 13:32:35 INFO  job= cycleDate= tc.postgres:16 - Pulling image layers:  6 pending,  8 downloaded,  0 extracted, (35 MB/? MB)
2026-08-11 13:32:35 INFO  job= cycleDate= tc.postgres:16 - Pulling image layers:  6 pending,  8 downloaded,  1 extracted, (35 MB/? MB)
2026-08-11 13:32:35 INFO  job= cycleDate= tc.postgres:16 - Pulling image layers:  6 pending,  8 downloaded,  2 extracted, (35 MB/? MB)
2026-08-11 13:32:35 INFO  job= cycleDate= tc.postgres:16 - Pulling image layers:  5 pending,  9 downloaded,  2 extracted, (39 MB/? MB)
2026-08-11 13:32:35 INFO  job= cycleDate= tc.postgres:16 - Pulling image layers:  5 pending,  9 downloaded,  3 extracted, (39 MB/? MB)
2026-08-11 13:32:35 INFO  job= cycleDate= tc.postgres:16 - Pulling image layers:  5 pending,  9 downloaded,  4 extracted, (49 MB/? MB)
2026-08-11 13:32:35 INFO  job= cycleDate= tc.postgres:16 - Pulling image layers:  4 pending, 10 downloaded,  4 extracted, (49 MB/? MB)
2026-08-11 13:32:35 INFO  job= cycleDate= tc.postgres:16 - Pulling image layers:  3 pending, 11 downloaded,  4 extracted, (82 MB/? MB)
2026-08-11 13:32:35 INFO  job= cycleDate= tc.postgres:16 - Pulling image layers:  3 pending, 11 downloaded,  5 extracted, (84 MB/? MB)
2026-08-11 13:32:35 INFO  job= cycleDate= tc.postgres:16 - Pulling image layers:  3 pending, 11 downloaded,  6 extracted, (85 MB/? MB)
2026-08-11 13:32:35 INFO  job= cycleDate= tc.postgres:16 - Pulling image layers:  3 pending, 11 downloaded,  7 extracted, (85 MB/? MB)
2026-08-11 13:32:35 INFO  job= cycleDate= tc.postgres:16 - Pulling image layers:  3 pending, 11 downloaded,  8 extracted, (115 MB/? MB)
2026-08-11 13:32:35 INFO  job= cycleDate= tc.postgres:16 - Pulling image layers:  2 pending, 12 downloaded,  8 extracted, (140 MB/? MB)
2026-08-11 13:32:35 INFO  job= cycleDate= tc.postgres:16 - Pulling image layers:  1 pending, 13 downloaded,  8 extracted, (140 MB/? MB)
2026-08-11 13:32:37 INFO  job= cycleDate= tc.postgres:16 - Pulling image layers:  1 pending, 13 downloaded,  9 extracted, (152 MB/? MB)
2026-08-11 13:32:37 INFO  job= cycleDate= tc.postgres:16 - Pulling image layers:  1 pending, 13 downloaded, 10 extracted, (152 MB/? MB)
2026-08-11 13:32:37 INFO  job= cycleDate= tc.postgres:16 - Pulling image layers:  1 pending, 13 downloaded, 11 extracted, (152 MB/? MB)
2026-08-11 13:32:37 INFO  job= cycleDate= tc.postgres:16 - Pulling image layers:  1 pending, 13 downloaded, 12 extracted, (152 MB/? MB)
2026-08-11 13:32:37 INFO  job= cycleDate= tc.postgres:16 - Pulling image layers:  1 pending, 13 downloaded, 13 extracted, (152 MB/? MB)
2026-08-11 13:32:37 INFO  job= cycleDate= tc.postgres:16 - Pulling image layers:  1 pending, 13 downloaded, 14 extracted, (152 MB/? MB)
2026-08-11 13:32:37 INFO  job= cycleDate= tc.postgres:16 - Pull complete. 14 layers, pulled in 3s (downloaded 152 MB at 50 MB/s)
2026-08-11 13:32:37 INFO  job= cycleDate= tc.postgres:16 - Image postgres:16 pull took PT3.98183376S
2026-08-11 13:32:37 INFO  job= cycleDate= tc.postgres:16 - Creating container for image: postgres:16
2026-08-11 13:32:37 INFO  job= cycleDate= tc.postgres:16 - Container postgres:16 is starting: d7c393b91254f8666bf19d71bff3d7b9410b466c34637d1c0c4933158b6bce39
2026-08-11 13:32:38 INFO  job= cycleDate= tc.postgres:16 - Container postgres:16 started in PT1.136493109S
2026-08-11 13:32:38 INFO  job= cycleDate= tc.postgres:16 - Container is started (JDBC URL: jdbc:postgresql://localhost:32769/test?loggerLevel=OFF)
2026-08-11 13:32:38 INFO  job= cycleDate= org.flywaydb.core.FlywayExecutor - Database: jdbc:postgresql://localhost:32769/test?loggerLevel=OFF (PostgreSQL 16.14)
2026-08-11 13:32:38 INFO  job= cycleDate= o.f.c.i.s.JdbcTableSchemaHistory - Schema history table "public"."flyway_schema_history" does not exist yet
2026-08-11 13:32:38 INFO  job= cycleDate= o.f.core.internal.command.DbValidate - Successfully validated 1 migration (execution time 00:00.008s)
2026-08-11 13:32:38 INFO  job= cycleDate= o.f.c.i.s.JdbcTableSchemaHistory - Creating Schema History table "public"."flyway_schema_history" ...
2026-08-11 13:32:38 INFO  job= cycleDate= o.f.core.internal.command.DbMigrate - Current version of schema "public": << Empty Schema >>
2026-08-11 13:32:38 INFO  job= cycleDate= o.f.core.internal.command.DbMigrate - Migrating schema "public" to version "1 - baseline"
2026-08-11 13:32:38 INFO  job= cycleDate= o.f.c.i.s.DefaultSqlScriptExecutor - +----------+
| ?column? |
+----------+
| 1        |
+----------+

2026-08-11 13:32:38 INFO  job= cycleDate= o.f.core.internal.command.DbMigrate - Successfully applied 1 migration to schema "public", now at version v1 (execution time 00:00.002s)
2026-08-11 13:32:38 INFO  job= cycleDate= com.zaxxer.hikari.HikariDataSource - HikariPool-1 - Starting...
2026-08-11 13:32:38 INFO  job= cycleDate= com.zaxxer.hikari.pool.HikariPool - HikariPool-1 - Added connection org.postgresql.jdbc.PgConnection@636e4bf8
2026-08-11 13:32:38 INFO  job= cycleDate= com.zaxxer.hikari.HikariDataSource - HikariPool-1 - Start completed.
2026-08-11 13:32:38 INFO  job= cycleDate= o.h.jpa.internal.util.LogHelper - HHH000204: Processing PersistenceUnitInfo [name: default]
2026-08-11 13:32:38 INFO  job= cycleDate= org.hibernate.Version - HHH000412: Hibernate ORM core version 6.6.13.Final
2026-08-11 13:32:39 INFO  job= cycleDate= o.h.c.i.RegionFactoryInitiator - HHH000026: Second-level cache disabled
2026-08-11 13:32:39 INFO  job= cycleDate= o.s.o.j.p.SpringPersistenceUnitInfo - No LoadTimeWeaver setup: ignoring JPA class transformer
2026-08-11 13:32:39 INFO  job= cycleDate= o.hibernate.orm.connections.pooling - HHH10001005: Database info:
	Database JDBC URL [Connecting through datasource 'HikariDataSource (HikariPool-1)']
	Database driver: undefined/unknown
	Database version: 16.14
	Autocommit mode: undefined/unknown
	Isolation level: undefined/unknown
	Minimum pool size: undefined/unknown
	Maximum pool size: undefined/unknown
2026-08-11 13:32:39 INFO  job= cycleDate= o.h.e.t.j.p.i.JtaPlatformInitiator - HHH000489: No JTA platform available (set 'hibernate.transaction.jta.platform' to enable JTA platform integration)
2026-08-11 13:32:39 INFO  job= cycleDate= o.s.o.j.LocalContainerEntityManagerFactoryBean - Initialized JPA EntityManagerFactory for persistence unit 'default'
2026-08-11 13:32:39 INFO  job= cycleDate= com.cardsvc.CardsvcApplicationTests - Started CardsvcApplicationTests in 8.745 seconds (process running for 9.226)
2026-08-11 13:32:39 INFO  job= cycleDate= o.s.b.a.b.JobLauncherApplicationRunner - Running default command line with: []
]]></system-out>
    <system-err><![CDATA[Mockito is currently self-attaching to enable the inline-mock-maker. This will no longer work in future releases of the JDK. Please add Mockito as an agent to your build what is described in Mockito's documentation: https://javadoc.io/doc/org.mockito/mockito-core/latest/org/mockito/Mockito.html#0.3
WARNING: A Java agent has been loaded dynamically (/home/ubuntu/.m2/repository/net/bytebuddy/byte-buddy-agent/1.15.11/byte-buddy-agent-1.15.11.jar)
WARNING: If a serviceability tool is in use, please run with -XX:+EnableDynamicAgentLoading to hide this warning
WARNING: If a serviceability tool is not in use, please run with -Djdk.instrument.traceUsage for more information
WARNING: Dynamic loading of agents will be disallowed by default in a future release
]]></system-err>
  </testcase>
</testsuite>